2025-09-16 19:21:09.246  INFO 1 - [7878-exec-7] healenium                        : [Save Elements] Request: By.xpath(//*[@id="change:name"]) 
2025-09-16 19:21:09.395  INFO 1 - [7878-exec-6] healenium                        : [Save Elements] Request: By.xpath(//*[@id="change_id"]) 
2025-09-16 19:21:09.523  INFO 1 - [7878-exec-8] healenium                        : [Save Elements] Request: By.xpath(//*[@id="change_className"]) 
2025-09-16 19:21:09.619  INFO 1 - [7878-exec-9] healenium                        : [Save Elements] Request: By.xpath(//*[@id="descendant_change"]) 
2025-09-16 19:21:09.706  INFO 1 - [878-exec-10] healenium                        : [Save Elements] Request: By.xpath(//*[@id="change_links"]) 
2025-09-16 19:21:09.796  INFO 1 - [7878-exec-1] healenium                        : [Save Elements] Request: By.xpath(//*[@id="change_enabled"]) 
2025-09-16 19:21:09.897  INFO 1 - [7878-exec-2] healenium                        : [Save Elements] Request: By.xpath(//*[@id="change_disabled"]) 
2025-09-16 19:21:09.996  INFO 1 - [7878-exec-3] healenium                        : [Save Elements] Request: By.xpath(//*[@id="change_checked"]) 
2025-09-16 19:21:10.102  INFO 1 - [7878-exec-4] healenium                        : [Save Elements] Request: By.xpath(//*[@id="Submit"]) 
2025-09-16 19:21:10.249  INFO 1 - [7878-exec-5] healenium                        : [Get Reference] Request: RequestDto(locator=//*[@id="change:name"], className=com.epam.healenium.healenium_proxy.request.post.override.HealeniumFindElementPostRequest, methodName=findElement, command=findElement, url=https://elenastepuro.github.io/test_env/index.html)) 
2025-09-16 19:21:10.618  INFO 1 - [7878-exec-6] healenium                        : [Get Reference] Request: RequestDto(locator=//*[@id="change_id"], className=com.epam.healenium.healenium_proxy.request.post.override.HealeniumFindElementPostRequest, methodName=findElement, command=findElement, url=https://elenastepuro.github.io/test_env/index.html)) 
2025-09-16 19:21:10.937  INFO 1 - [7878-exec-9] healenium                        : [Get Reference] Request: RequestDto(locator=//*[@id="descendant_change"], className=com.epam.healenium.healenium_proxy.request.post.override.HealeniumFindElementPostRequest, methodName=findElement, command=findElement, url=https://elenastepuro.github.io/test_env/index.html)) 
2025-09-16 20:47:55.132  INFO 1 - [7878-exec-1] healenium                        : [Save Elements] Request: By.xpath(//*[@id="change:name"]) 
2025-09-16 20:48:08.615  INFO 1 - [7878-exec-2] healenium                        : [Save Elements] Request: By.xpath(//*[@id="change:name"]) 
2025-09-16 20:48:08.645  INFO 1 - [7878-exec-3] healenium                        : [Save Elements] Request: By.xpath(//*[@id="change_id"]) 
2025-09-16 20:48:08.664  INFO 1 - [7878-exec-4] healenium                        : [Get Reference] Request: RequestDto(locator=//*[@id="change_id"], className=com.epam.healenium.healenium_proxy.request.post.override.HealeniumFindElementPostRequest, methodName=findElement, command=findElements, url=https://elenastepuro.github.io/test_env/index.html)) 
2025-09-16 20:48:09.855  INFO 1 - [7878-exec-5] healenium                        : [Save Elements] Request: By.xpath(//*[@id="change_className"]) 
2025-09-16 20:48:10.531  INFO 1 - [7878-exec-7] healenium                        : [Save Elements] Request: By.xpath(//*[@id="descendant_change"]) 
2025-09-16 20:48:11.127  INFO 1 - [7878-exec-6] healenium                        : [Save Elements] Request: By.xpath(//*[@id="change_links"]) 
2025-09-16 20:48:24.078  INFO 1 - [7878-exec-8] healenium                        : [Save Elements] Request: By.xpath(//*[@id="change_enabled"]) 
2025-09-16 20:58:23.799  INFO 1 - [7878-exec-2] healenium                        : [Save Elements] Request: By.xpath(//*[@id="change:name"]) 
2025-09-16 20:58:23.872  INFO 1 - [7878-exec-3] healenium                        : [Get Reference] Request: RequestDto(locator=//*[@id="change:name"], className=com.epam.healenium.healenium_proxy.request.post.override.HealeniumFindElementPostRequest, methodName=findElement, command=findElements, url=https://elenastepuro.github.io/test_env/index.html)) 
2025-09-16 20:58:23.929  INFO 1 - [7878-exec-4] healenium                        : [Save Elements] Request: By.xpath(//*[@id="change_id"]) 
2025-09-16 20:58:24.016  INFO 1 - [7878-exec-5] healenium                        : [Get Reference] Request: RequestDto(locator=//*[@id="change_id"], className=com.epam.healenium.healenium_proxy.request.post.override.HealeniumFindElementPostRequest, methodName=findElement, command=findElements, url=https://elenastepuro.github.io/test_env/index.html)) 
2025-09-16 20:58:24.093  INFO 1 - [7878-exec-7] healenium                        : [Save Elements] Request: By.xpath(//*[@id="change_className"]) 
2025-09-16 20:58:24.143  INFO 1 - [7878-exec-6] healenium                        : [Get Reference] Request: RequestDto(locator=//*[@id="change_className"], className=com.epam.healenium.healenium_proxy.request.post.override.HealeniumFindElementPostRequest, methodName=findElement, command=findElements, url=https://elenastepuro.github.io/test_env/index.html)) 
2025-09-16 20:58:24.193  INFO 1 - [7878-exec-8] healenium                        : [Save Elements] Request: By.xpath(//*[@id="descendant_change"]) 
2025-09-16 20:58:24.239  INFO 1 - [7878-exec-9] healenium                        : [Get Reference] Request: RequestDto(locator=//*[@id="descendant_change"], className=com.epam.healenium.healenium_proxy.request.post.override.HealeniumFindElementPostRequest, methodName=findElement, command=findElements, url=https://elenastepuro.github.io/test_env/index.html)) 
2025-09-16 20:58:24.342  INFO 1 - [878-exec-10] healenium                        : [Save Elements] Request: By.xpath(//*[@id="change_links"]) 
2025-09-16 20:58:24.387  INFO 1 - [7878-exec-1] healenium                        : [Get Reference] Request: RequestDto(locator=//*[@id="change_links"], className=com.epam.healenium.healenium_proxy.request.post.override.HealeniumFindElementPostRequest, methodName=findElement, command=findElements, url=https://elenastepuro.github.io/test_env/index.html)) 
2025-09-16 20:58:24.432  INFO 1 - [7878-exec-2] healenium                        : [Save Elements] Request: By.xpath(//*[@id="change_enabled"]) 
2025-09-16 20:58:24.476  INFO 1 - [7878-exec-3] healenium                        : [Get Reference] Request: RequestDto(locator=//*[@id="change_enabled"], className=com.epam.healenium.healenium_proxy.request.post.override.HealeniumFindElementPostRequest, methodName=findElement, command=findElements, url=https://elenastepuro.github.io/test_env/index.html)) 
2025-09-16 20:58:24.522  INFO 1 - [7878-exec-4] healenium                        : [Save Elements] Request: By.xpath(//*[@id="change_disabled"]) 
2025-09-16 20:58:24.569  INFO 1 - [7878-exec-5] healenium                        : [Get Reference] Request: RequestDto(locator=//*[@id="change_disabled"], className=com.epam.healenium.healenium_proxy.request.post.override.HealeniumFindElementPostRequest, methodName=findElement, command=findElements, url=https://elenastepuro.github.io/test_env/index.html)) 
2025-09-16 20:58:24.614  INFO 1 - [7878-exec-7] healenium                        : [Save Elements] Request: By.xpath(//*[@id="change_checked"]) 
2025-09-16 20:58:24.658  INFO 1 - [7878-exec-6] healenium                        : [Get Reference] Request: RequestDto(locator=//*[@id="change_checked"], className=com.epam.healenium.healenium_proxy.request.post.override.HealeniumFindElementPostRequest, methodName=findElement, command=findElements, url=https://elenastepuro.github.io/test_env/index.html)) 
2025-09-16 20:58:24.709  INFO 1 - [7878-exec-8] healenium                        : [Save Elements] Request: By.xpath(//*[@id="Submit"]) 
2025-09-16 21:02:30.875  INFO 1 - [7878-exec-9] healenium                        : [Save Elements] Request: By.xpath(//*[@id="change:name"]) 
2025-09-16 21:02:30.929  INFO 1 - [878-exec-10] healenium                        : [Get Reference] Request: RequestDto(locator=//*[@id="change:name"], className=com.epam.healenium.healenium_proxy.request.post.override.HealeniumFindElementPostRequest, methodName=findElement, command=findElements, url=https://elenastepuro.github.io/test_env/index.html)) 
2025-09-16 21:02:30.977  INFO 1 - [7878-exec-1] healenium                        : [Save Elements] Request: By.xpath(//*[@id="change_id"]) 
2025-09-16 21:02:31.021  INFO 1 - [7878-exec-2] healenium                        : [Get Reference] Request: RequestDto(locator=//*[@id="change_id"], className=com.epam.healenium.healenium_proxy.request.post.override.HealeniumFindElementPostRequest, methodName=findElement, command=findElements, url=https://elenastepuro.github.io/test_env/index.html)) 
2025-09-16 21:02:31.101  INFO 1 - [7878-exec-4] healenium                        : [Save Elements] Request: By.xpath(//*[@id="change_className"]) 
2025-09-16 21:02:31.167  INFO 1 - [7878-exec-3] healenium                        : [Get Reference] Request: RequestDto(locator=//*[@id="change_className"], className=com.epam.healenium.healenium_proxy.request.post.override.HealeniumFindElementPostRequest, methodName=findElement, command=findElements, url=https://elenastepuro.github.io/test_env/index.html)) 
2025-09-16 21:02:31.208  INFO 1 - [7878-exec-5] healenium                        : [Save Elements] Request: By.xpath(//*[@id="descendant_change"]) 
2025-09-16 21:02:31.251  INFO 1 - [7878-exec-7] healenium                        : [Get Reference] Request: RequestDto(locator=//*[@id="descendant_change"], className=com.epam.healenium.healenium_proxy.request.post.override.HealeniumFindElementPostRequest, methodName=findElement, command=findElements, url=https://elenastepuro.github.io/test_env/index.html)) 
2025-09-16 21:02:31.291  INFO 1 - [7878-exec-6] healenium                        : [Save Elements] Request: By.xpath(//*[@id="change_links"]) 
2025-09-16 21:02:31.336  INFO 1 - [7878-exec-8] healenium                        : [Get Reference] Request: RequestDto(locator=//*[@id="change_links"], className=com.epam.healenium.healenium_proxy.request.post.override.HealeniumFindElementPostRequest, methodName=findElement, command=findElements, url=https://elenastepuro.github.io/test_env/index.html)) 
2025-09-16 21:02:31.377  INFO 1 - [7878-exec-9] healenium                        : [Save Elements] Request: By.xpath(//*[@id="change_enabled"]) 
2025-09-16 21:02:31.421  INFO 1 - [878-exec-10] healenium                        : [Get Reference] Request: RequestDto(locator=//*[@id="change_enabled"], className=com.epam.healenium.healenium_proxy.request.post.override.HealeniumFindElementPostRequest, methodName=findElement, command=findElements, url=https://elenastepuro.github.io/test_env/index.html)) 
2025-09-16 21:02:31.462  INFO 1 - [7878-exec-1] healenium                        : [Save Elements] Request: By.xpath(//*[@id="change_disabled"]) 
2025-09-16 21:02:31.509  INFO 1 - [7878-exec-2] healenium                        : [Get Reference] Request: RequestDto(locator=//*[@id="change_disabled"], className=com.epam.healenium.healenium_proxy.request.post.override.HealeniumFindElementPostRequest, methodName=findElement, command=findElements, url=https://elenastepuro.github.io/test_env/index.html)) 
2025-09-16 21:02:31.552  INFO 1 - [7878-exec-4] healenium                        : [Save Elements] Request: By.xpath(//*[@id="change_checked"]) 
2025-09-16 21:02:31.600  INFO 1 - [7878-exec-3] healenium                        : [Get Reference] Request: RequestDto(locator=//*[@id="change_checked"], className=com.epam.healenium.healenium_proxy.request.post.override.HealeniumFindElementPostRequest, methodName=findElement, command=findElements, url=https://elenastepuro.github.io/test_env/index.html)) 
2025-09-16 21:02:31.647  INFO 1 - [7878-exec-5] healenium                        : [Save Elements] Request: By.xpath(//*[@id="Submit"]) 
2025-09-16 21:12:56.265  INFO 1 - [7878-exec-2] healenium                        : [Save Elements] Request: By.xpath(//*[@id="change_links"]) 
2025-09-16 21:12:56.312  INFO 1 - [7878-exec-4] healenium                        : [Save Elements] Request: By.xpath(//*[@id="change:name"]) 
2025-09-16 21:12:56.320  INFO 1 - [7878-exec-3] healenium                        : [Get Reference] Request: RequestDto(locator=//*[@id="change:name"], className=com.epam.healenium.healenium_proxy.request.post.override.HealeniumFindElementPostRequest, methodName=findElement, command=findElements, url=https://elenastepuro.github.io/test_env/index.html)) 
2025-09-16 21:12:56.381  INFO 1 - [7878-exec-5] healenium                        : [Save Elements] Request: By.xpath(//*[@id="change_id"]) 
2025-09-16 21:12:56.390  INFO 1 - [7878-exec-6] healenium                        : [Get Reference] Request: RequestDto(locator=//*[@id="change_id"], className=com.epam.healenium.healenium_proxy.request.post.override.HealeniumFindElementPostRequest, methodName=findElement, command=findElements, url=https://elenastepuro.github.io/test_env/index.html)) 
2025-09-16 21:12:56.449  INFO 1 - [7878-exec-7] healenium                        : [Save Elements] Request: By.xpath(//*[@id="change_className"]) 
2025-09-16 21:12:56.458  INFO 1 - [7878-exec-8] healenium                        : [Get Reference] Request: RequestDto(locator=//*[@id="change_className"], className=com.epam.healenium.healenium_proxy.request.post.override.HealeniumFindElementPostRequest, methodName=findElement, command=findElements, url=https://elenastepuro.github.io/test_env/index.html)) 
2025-09-16 21:12:56.526  INFO 1 - [7878-exec-9] healenium                        : [Save Elements] Request: By.xpath(//*[@id="descendant_change"]) 
2025-09-16 21:12:56.536  INFO 1 - [878-exec-10] healenium                        : [Get Reference] Request: RequestDto(locator=//*[@id="descendant_change"], className=com.epam.healenium.healenium_proxy.request.post.override.HealeniumFindElementPostRequest, methodName=findElement, command=findElements, url=https://elenastepuro.github.io/test_env/index.html)) 
2025-09-16 21:12:56.597  INFO 1 - [7878-exec-1] healenium                        : [Get Reference] Request: RequestDto(locator=//*[@id="change_links"], className=com.epam.healenium.healenium_proxy.request.post.override.HealeniumFindElementPostRequest, methodName=findElement, command=findElements, url=https://elenastepuro.github.io/test_env/index.html)) 
2025-09-16 21:12:56.641  INFO 1 - [7878-exec-2] healenium                        : [Save Elements] Request: By.xpath(//*[@id="change_enabled"]) 
2025-09-16 21:12:56.650  INFO 1 - [7878-exec-4] healenium                        : [Get Reference] Request: RequestDto(locator=//*[@id="change_enabled"], className=com.epam.healenium.healenium_proxy.request.post.override.HealeniumFindElementPostRequest, methodName=findElement, command=findElements, url=https://elenastepuro.github.io/test_env/index.html)) 
2025-09-16 21:12:56.711  INFO 1 - [7878-exec-3] healenium                        : [Save Elements] Request: By.xpath(//*[@id="change_disabled"]) 
2025-09-16 21:12:56.719  INFO 1 - [7878-exec-5] healenium                        : [Get Reference] Request: RequestDto(locator=//*[@id="change_disabled"], className=com.epam.healenium.healenium_proxy.request.post.override.HealeniumFindElementPostRequest, methodName=findElement, command=findElements, url=https://elenastepuro.github.io/test_env/index.html)) 
2025-09-16 21:12:56.773  INFO 1 - [7878-exec-6] healenium                        : [Save Elements] Request: By.xpath(//*[@id="change_checked"]) 
2025-09-16 21:12:56.782  INFO 1 - [7878-exec-7] healenium                        : [Get Reference] Request: RequestDto(locator=//*[@id="change_checked"], className=com.epam.healenium.healenium_proxy.request.post.override.HealeniumFindElementPostRequest, methodName=findElement, command=findElements, url=https://elenastepuro.github.io/test_env/index.html)) 
2025-09-16 21:12:56.842  INFO 1 - [7878-exec-8] healenium                        : [Save Elements] Request: By.xpath(//*[@id="Submit"]) 
2025-09-16 21:15:03.364  INFO 1 - [7878-exec-2] healenium                        : [Save Elements] Request: By.xpath(//*[@id="change:name"]) 
2025-09-16 21:15:03.467  INFO 1 - [7878-exec-4] healenium                        : [Save Elements] Request: By.xpath(//*[@id="change_id"]) 
2025-09-16 21:15:03.566  INFO 1 - [7878-exec-3] healenium                        : [Save Elements] Request: By.xpath(//*[@id="change_className"]) 
2025-09-16 21:15:03.660  INFO 1 - [7878-exec-5] healenium                        : [Save Elements] Request: By.xpath(//*[@id="descendant_change"]) 
2025-09-16 21:15:03.748  INFO 1 - [7878-exec-6] healenium                        : [Save Elements] Request: By.xpath(//*[@id="change_links"]) 
2025-09-16 21:15:03.829  INFO 1 - [7878-exec-7] healenium                        : [Save Elements] Request: By.xpath(//*[@id="change_enabled"]) 
2025-09-16 21:15:03.909  INFO 1 - [7878-exec-8] healenium                        : [Save Elements] Request: By.xpath(//*[@id="change_disabled"]) 
2025-09-16 21:15:03.988  INFO 1 - [7878-exec-9] healenium                        : [Save Elements] Request: By.xpath(//*[@id="change_checked"]) 
2025-09-16 21:15:04.089  INFO 1 - [878-exec-10] healenium                        : [Save Elements] Request: By.xpath(//*[@id="Submit"]) 
2025-09-16 21:18:06.965  INFO 1 - [7878-exec-9] healenium                        : [Save Elements] Request: By.xpath(//*[@id="change:name"]) 
2025-09-16 21:18:07.059  INFO 1 - [878-exec-10] healenium                        : [Save Elements] Request: By.xpath(//*[@id="change_id"]) 
2025-09-16 21:18:07.146  INFO 1 - [7878-exec-1] healenium                        : [Save Elements] Request: By.xpath(//*[@id="change_className"]) 
2025-09-16 21:18:07.243  INFO 1 - [7878-exec-2] healenium                        : [Save Elements] Request: By.xpath(//*[@id="descendant_change"]) 
2025-09-16 21:18:07.333  INFO 1 - [7878-exec-4] healenium                        : [Save Elements] Request: By.xpath(//*[@id="change_links"]) 
2025-09-16 21:18:07.421  INFO 1 - [7878-exec-3] healenium                        : [Save Elements] Request: By.xpath(//*[@id="change_enabled"]) 
2025-09-16 21:18:07.503  INFO 1 - [7878-exec-5] healenium                        : [Save Elements] Request: By.xpath(//*[@id="change_disabled"]) 
2025-09-16 21:18:07.582  INFO 1 - [7878-exec-6] healenium                        : [Save Elements] Request: By.xpath(//*[@id="change_checked"]) 
2025-09-16 21:18:07.662  INFO 1 - [7878-exec-7] healenium                        : [Save Elements] Request: By.xpath(//*[@id="Submit"]) 
2025-09-16 21:19:46.180  INFO 1 - [7878-exec-2] healenium                        : [Save Elements] Request: By.xpath(//*[@id="change:name"]) 
2025-09-16 21:19:46.280  INFO 1 - [7878-exec-4] healenium                        : [Save Elements] Request: By.xpath(//*[@id="change_id"]) 
2025-09-16 21:19:46.363  INFO 1 - [7878-exec-3] healenium                        : [Save Elements] Request: By.xpath(//*[@id="change_className"]) 
2025-09-16 21:19:46.458  INFO 1 - [7878-exec-5] healenium                        : [Save Elements] Request: By.xpath(//*[@id="descendant_change"]) 
2025-09-16 21:19:46.539  INFO 1 - [7878-exec-6] healenium                        : [Save Elements] Request: By.xpath(//*[@id="change_links"]) 
2025-09-16 21:19:46.610  INFO 1 - [7878-exec-7] healenium                        : [Save Elements] Request: By.xpath(//*[@id="change_enabled"]) 
2025-09-16 21:19:46.689  INFO 1 - [7878-exec-8] healenium                        : [Save Elements] Request: By.xpath(//*[@id="change_disabled"]) 
2025-09-16 21:19:46.763  INFO 1 - [7878-exec-9] healenium                        : [Save Elements] Request: By.xpath(//*[@id="change_checked"]) 
2025-09-16 21:19:46.859  INFO 1 - [878-exec-10] healenium                        : [Save Elements] Request: By.xpath(//*[@id="Submit"]) 
2025-09-16 21:28:07.180  INFO 1 - [7878-exec-5] healenium                        : [Save Elements] Request: By.xpath(//*[@id="change:name"]) 
2025-09-16 21:28:07.272  INFO 1 - [7878-exec-6] healenium                        : [Save Elements] Request: By.xpath(//*[@id="change_id"]) 
2025-09-16 21:28:07.362  INFO 1 - [7878-exec-7] healenium                        : [Save Elements] Request: By.xpath(//*[@id="change_className"]) 
2025-09-16 21:28:07.448  INFO 1 - [7878-exec-8] healenium                        : [Save Elements] Request: By.xpath(//*[@id="descendant_change"]) 
2025-09-16 21:28:07.525  INFO 1 - [7878-exec-9] healenium                        : [Save Elements] Request: By.xpath(//*[@id="change_links"]) 
2025-09-16 21:28:07.609  INFO 1 - [878-exec-10] healenium                        : [Save Elements] Request: By.xpath(//*[@id="change_enabled"]) 
2025-09-16 21:28:07.689  INFO 1 - [7878-exec-1] healenium                        : [Save Elements] Request: By.xpath(//*[@id="change_disabled"]) 
2025-09-16 21:28:07.769  INFO 1 - [7878-exec-2] healenium                        : [Save Elements] Request: By.xpath(//*[@id="change_checked"]) 
2025-09-16 21:28:07.846  INFO 1 - [7878-exec-4] healenium                        : [Save Elements] Request: By.xpath(//*[@id="Submit"]) 
2025-09-16 21:28:07.973  INFO 1 - [7878-exec-3] healenium                        : [Get Reference] Request: RequestDto(locator=//*[@id="change:name"], className=com.epam.healenium.healenium_proxy.request.post.override.HealeniumFindElementPostRequest, methodName=findElement, command=findElement, url=https://elenastepuro.github.io/test_env/index.html)) 
2025-09-16 21:28:08.262  INFO 1 - [7878-exec-6] healenium                        : [Get Reference] Request: RequestDto(locator=//*[@id="change_id"], className=com.epam.healenium.healenium_proxy.request.post.override.HealeniumFindElementPostRequest, methodName=findElement, command=findElement, url=https://elenastepuro.github.io/test_env/index.html)) 
2025-09-16 21:28:08.545  INFO 1 - [7878-exec-8] healenium                        : [Get Reference] Request: RequestDto(locator=//*[@id="descendant_change"], className=com.epam.healenium.healenium_proxy.request.post.override.HealeniumFindElementPostRequest, methodName=findElement, command=findElement, url=https://elenastepuro.github.io/test_env/index.html)) 
